# JRE version: Java(TM) SE Runtime Environment (8.0_73-b02) (build 1.8.0_73-b02)
# Java VM: Java HotSpot(TM) 64-Bit Server VM (25.73-b02 mixed mode windows-amd64 compressed oops)
Heap:
 PSYoungGen      total 152576K, used 84211K [0x00000000eab00000, 0x00000000f6200000, 0x0000000100000000)
  eden space 118272K, 62% used [0x00000000eab00000,0x00000000ef303b50,0x00000000f1e80000)
  from space 34304K, 30% used [0x00000000f1e80000,0x00000000f28b9138,0x00000000f4000000)
  to   space 33280K, 0% used [0x00000000f4180000,0x00000000f4180000,0x00000000f6200000)
 ParOldGen       total 105472K, used 52530K [0x00000000c0000000, 0x00000000c6700000, 0x00000000eab00000)
  object space 105472K, 49% used [0x00000000c0000000,0x00000000c334c8a8,0x00000000c6700000)
 Metaspace       used 70171K, capacity 78326K, committed 79488K, reserved 1118208K
  class space    used 8838K, capacity 9447K, committed 9856K, reserved 1048576K
GC Heap History (10 events):
Event: 360317.172 GC heap before
{Heap before GC invocations=1198 (full 172):
 PSYoungGen      total 150016K, used 135954K [0x00000000eab00000, 0x00000000f6380000, 0x0000000100000000)
  eden space 114688K, 100% used [0x00000000eab00000,0x00000000f1b00000,0x00000000f1b00000)
  from space 35328K, 60% used [0x00000000f1b00000,0x00000000f2fc4870,0x00000000f3d80000)
  to   space 35840K, 0% used [0x00000000f4080000,0x00000000f4080000,0x00000000f6380000)
 ParOldGen       total 105472K, used 41253K [0x00000000c0000000, 0x00000000c6700000, 0x00000000eab00000)
  object space 105472K, 39% used [0x00000000c0000000,0x00000000c2849500,0x00000000c6700000)
 Metaspace       used 70150K, capacity 78262K, committed 79232K, reserved 1118208K
  class space    used 8838K, capacity 9447K, committed 9856K, reserved 1048576K
Event: 360317.209 GC heap after
Heap after GC invocations=1198 (full 172):
 PSYoungGen      total 152576K, used 22433K [0x00000000eab00000, 0x00000000f6580000, 0x0000000100000000)
  eden space 116736K, 0% used [0x00000000eab00000,0x00000000eab00000,0x00000000f1d00000)
  from space 35840K, 62% used [0x00000000f4080000,0x00000000f5668768,0x00000000f6380000)
  to   space 36352K, 0% used [0x00000000f1d00000,0x00000000f1d00000,0x00000000f4080000)
 ParOldGen       total 105472K, used 41253K [0x00000000c0000000, 0x00000000c6700000, 0x00000000eab00000)
  object space 105472K, 39% used [0x00000000c0000000,0x00000000c2849500,0x00000000c6700000)
 Metaspace       used 70150K, capacity 78262K, committed 79232K, reserved 1118208K
  class space    used 8838K, capacity 9447K, committed 9856K, reserved 1048576K
}
Event: 360319.171 GC heap before
{Heap before GC invocations=1199 (full 172):
 PSYoungGen      total 152576K, used 47129K [0x00000000eab00000, 0x00000000f6580000, 0x0000000100000000)
  eden space 116736K, 21% used [0x00000000eab00000,0x00000000ec31dfb8,0x00000000f1d00000)
  from space 35840K, 62% used [0x00000000f4080000,0x00000000f5668768,0x00000000f6380000)
  to   space 36352K, 0% used [0x00000000f1d00000,0x00000000f1d00000,0x00000000f4080000)
 ParOldGen       total 105472K, used 41253K [0x00000000c0000000, 0x00000000c6700000, 0x00000000eab00000)
  object space 105472K, 39% used [0x00000000c0000000,0x00000000c2849500,0x00000000c6700000)
 Metaspace       used 70151K, capacity 78326K, committed 79488K, reserved 1118208K
  class space    used 8838K, capacity 9447K, committed 9856K, reserved 1048576K
Event: 360319.184 GC heap after
Heap after GC invocations=1199 (full 172):
 PSYoungGen      total 131584K, used 14516K [0x00000000eab00000, 0x00000000f6180000, 0x0000000100000000)
  eden space 116736K, 0% used [0x00000000eab00000,0x00000000eab00000,0x00000000f1d00000)
  from space 14848K, 97% used [0x00000000f1d00000,0x00000000f2b2d260,0x00000000f2b80000)
  to   space 34304K, 0% used [0x00000000f4000000,0x00000000f4000000,0x00000000f6180000)
 ParOldGen       total 105472K, used 41253K [0x00000000c0000000, 0x00000000c6700000, 0x00000000eab00000)
  object space 105472K, 39% used [0x00000000c0000000,0x00000000c2849500,0x00000000c6700000)
 Metaspace       used 70151K, capacity 78326K, committed 79488K, reserved 1118208K
  class space    used 8838K, capacity 9447K, committed 9856K, reserved 1048576K
}
Event: 360319.184 GC heap before
{Heap before GC invocations=1200 (full 173):
 PSYoungGen      total 131584K, used 14516K [0x00000000eab00000, 0x00000000f6180000, 0x0000000100000000)
  eden space 116736K, 0% used [0x00000000eab00000,0x00000000eab00000,0x00000000f1d00000)
  from space 14848K, 97% used [0x00000000f1d00000,0x00000000f2b2d260,0x00000000f2b80000)
  to   space 34304K, 0% used [0x00000000f4000000,0x00000000f4000000,0x00000000f6180000)
 ParOldGen       total 105472K, used 41253K [0x00000000c0000000, 0x00000000c6700000, 0x00000000eab00000)
  object space 105472K, 39% used [0x00000000c0000000,0x00000000c2849500,0x00000000c6700000)
 Metaspace       used 70151K, capacity 78326K, committed 79488K, reserved 1118208K
  class space    used 8838K, capacity 9447K, committed 9856K, reserved 1048576K
Event: 360319.431 GC heap after
Heap after GC invocations=1200 (full 173):
 PSYoungGen      total 131584K, used 0K [0x00000000eab00000, 0x00000000f6180000, 0x0000000100000000)
  eden space 116736K, 0% used [0x00000000eab00000,0x00000000eab00000,0x00000000f1d00000)
  from space 14848K, 0% used [0x00000000f1d00000,0x00000000f1d00000,0x00000000f2b80000)
  to   space 34304K, 0% used [0x00000000f4000000,0x00000000f4000000,0x00000000f6180000)
 ParOldGen       total 105472K, used 52530K [0x00000000c0000000, 0x00000000c6700000, 0x00000000eab00000)
  object space 105472K, 49% used [0x00000000c0000000,0x00000000c334c8a8,0x00000000c6700000)
 Metaspace       used 70151K, capacity 78326K, committed 79488K, reserved 1118208K
  class space    used 8838K, capacity 9447K, committed 9856K, reserved 1048576K
}
Event: 360347.024 GC heap before
{Heap before GC invocations=1201 (full 173):
 PSYoungGen      total 131584K, used 116736K [0x00000000eab00000, 0x00000000f6180000, 0x0000000100000000)
  eden space 116736K, 100% used [0x00000000eab00000,0x00000000f1d00000,0x00000000f1d00000)
  from space 14848K, 0% used [0x00000000f1d00000,0x00000000f1d00000,0x00000000f2b80000)
  to   space 34304K, 0% used [0x00000000f4000000,0x00000000f4000000,0x00000000f6180000)
 ParOldGen       total 105472K, used 52530K [0x00000000c0000000, 0x00000000c6700000, 0x00000000eab00000)
  object space 105472K, 49% used [0x00000000c0000000,0x00000000c334c8a8,0x00000000c6700000)
 Metaspace       used 70170K, capacity 78326K, committed 79488K, reserved 1118208K
  class space    used 8838K, capacity 9447K, committed 9856K, reserved 1048576K
Event: 360347.030 GC heap after
Heap after GC invocations=1201 (full 173):
 PSYoungGen      total 152576K, used 6911K [0x00000000eab00000, 0x00000000f6280000, 0x0000000100000000)
  eden space 118272K, 0% used [0x00000000eab00000,0x00000000eab00000,0x00000000f1e80000)
  from space 34304K, 20% used [0x00000000f4000000,0x00000000f46bff50,0x00000000f6180000)
  to   space 34304K, 0% used [0x00000000f1e80000,0x00000000f1e80000,0x00000000f4000000)
 ParOldGen       total 105472K, used 52530K [0x00000000c0000000, 0x00000000c6700000, 0x00000000eab00000)
  object space 105472K, 49% used [0x00000000c0000000,0x00000000c334c8a8,0x00000000c6700000)
 Metaspace       used 70170K, capacity 78326K, committed 79488K, reserved 1118208K
  class space    used 8838K, capacity 9447K, committed 9856K, reserved 1048576K
}
Event: 360374.643 GC heap before
{Heap before GC invocations=1202 (full 173):
 PSYoungGen      total 152576K, used 125183K [0x00000000eab00000, 0x00000000f6280000, 0x0000000100000000)
  eden space 118272K, 100% used [0x00000000eab00000,0x00000000f1e80000,0x00000000f1e80000)
  from space 34304K, 20% used [0x00000000f4000000,0x00000000f46bff50,0x00000000f6180000)
  to   space 34304K, 0% used [0x00000000f1e80000,0x00000000f1e80000,0x00000000f4000000)
 ParOldGen       total 105472K, used 52530K [0x00000000c0000000, 0x00000000c6700000, 0x00000000eab00000)
  object space 105472K, 49% used [0x00000000c0000000,0x00000000c334c8a8,0x00000000c6700000)
 Metaspace       used 70171K, capacity 78326K, committed 79488K, reserved 1118208K
  class space    used 8838K, capacity 9447K, committed 9856K, reserved 1048576K
Event: 360374.652 GC heap after
Heap after GC invocations=1202 (full 173):
 PSYoungGen      total 152576K, used 10468K [0x00000000eab00000, 0x00000000f6200000, 0x0000000100000000)
  eden space 118272K, 0% used [0x00000000eab00000,0x00000000eab00000,0x00000000f1e80000)
  from space 34304K, 30% used [0x00000000f1e80000,0x00000000f28b9138,0x00000000f4000000)
  to   space 33280K, 0% used [0x00000000f4180000,0x00000000f4180000,0x00000000f6200000)
 ParOldGen       total 105472K, used 52530K [0x00000000c0000000, 0x00000000c6700000, 0x00000000eab00000)
  object space 105472K, 49% used [0x00000000c0000000,0x00000000c334c8a8,0x00000000c6700000)
 Metaspace       used 70171K, capacity 78326K, committed 79488K, reserved 1118208K
  class space    used 8838K, capacity 9447K, committed 9856K, reserved 1048576K
}

